<?xml version='1.0'?>
<ns2:test-suite xmlns:ns2='urn:model.allure.qatools.yandex.ru' start='1652719540381' stop='1652721563557'>
    <name>Product Card Variations</name>
    <title>Product Card Variations</title>
    <test-cases>
        <test-case start='1652719555285' status='broken' stop='1652719584881'>
            <name>Correct product card links for size searched variants small suitcase</name>
            <title>Correct product card links for size searched variants small suitcase</title>
            <labels>
                <label name='language' value='javascript'/>
                <label name='framework' value='wdio'/>
                <label name='thread' value='0-0'/>
            </labels>
            <parameters>
                <parameter kind='argument' name='browser' value='firefox-94.0'/>
                <parameter kind='argument' name='browser' value='Windows 10 Firefox 94.0'/>
                <parameter kind='argument' name='cucumber tags' value='@test'/>
                <parameter kind='environment-variable' name='service' value='browserstack'/>
                <parameter kind='environment-variable' name='UI domain' value='https://argos.co.uk'/>
            </parameters>
            <steps>
                <step start='1652719555344' status='passed' stop='1652719583522'>
                    <name>Given I search for a "small suitcase"</name>
                    <title>Given I search for a "small suitcase"</title>
                    <attachments/>
                    <steps/>
                </step>
                <step start='1652719583522' status='broken' stop='1652719584881'>
                    <name>Then I should see correct size variant product cards links</name>
                    <title>Then I should see correct size variant product cards links</title>
                    <attachments/>
                    <steps/>
                </step>
            </steps>
            <attachments/>
            <failure>
                <message>StatusCodeError: 403 - "&lt;HTML>&lt;HEAD>\n&lt;TITLE>Access Denied&lt;/TITLE>\n&lt;/HEAD>&lt;BODY>\n&lt;H1>Access Denied&lt;/H1>\n \nYou don't have permission to access \"http&amp;#58;&amp;#47;&amp;#47;argos&amp;#46;co&amp;#46;uk&amp;#47;finder&amp;#45;api&amp;#47;product&amp;#59;isSearch&amp;#61;true&amp;#59;&amp;#59;queryParams&amp;#61;&amp;#37;7B&amp;#37;22templateType&amp;#37;22&amp;#58;null&amp;#37;7D&amp;#59;searchTerm&amp;#61;small&amp;#45;suitcase&amp;#59;searchType&amp;#61;null&amp;#63;\" on this server.&lt;P>\nReference&amp;#32;&amp;#35;18&amp;#46;b4ed655f&amp;#46;1652719584&amp;#46;22c0d32f\n&lt;/BODY>\n&lt;/HTML>\n"</message>
                <stack-trace>StatusCodeError: 403 - "&lt;HTML>&lt;HEAD>\n&lt;TITLE>Access Denied&lt;/TITLE>\n&lt;/HEAD>&lt;BODY>\n&lt;H1>Access Denied&lt;/H1>\n \nYou don't have permission to access \"http&amp;#58;&amp;#47;&amp;#47;argos&amp;#46;co&amp;#46;uk&amp;#47;finder&amp;#45;api&amp;#47;product&amp;#59;isSearch&amp;#61;true&amp;#59;&amp;#59;queryParams&amp;#61;&amp;#37;7B&amp;#37;22templateType&amp;#37;22&amp;#58;null&amp;#37;7D&amp;#59;searchTerm&amp;#61;small&amp;#45;suitcase&amp;#59;searchType&amp;#61;null&amp;#63;\" on this server.&lt;P>\nReference&amp;#32;&amp;#35;18&amp;#46;b4ed655f&amp;#46;1652719584&amp;#46;22c0d32f\n&lt;/BODY>\n&lt;/HTML>\n"
                    at new StatusCodeError (/Users/sean.darley/projects/dig-navigation-ui-search/test/node_modules/request-promise-core/lib/errors.js:32:15)
                    at Request.plumbing.callback (/Users/sean.darley/projects/dig-navigation-ui-search/test/node_modules/request-promise-core/lib/plumbing.js:104:33)
                    at Request.RP$callback [as _callback] (/Users/sean.darley/projects/dig-navigation-ui-search/test/node_modules/request-promise-core/lib/plumbing.js:46:31)
                    at endReadableNT (_stream_readable.js:1184:12)
                    at processTicksAndRejections (internal/process/task_queues.js:80:21)
                    at Browser.&lt;anonymous> (/Users/sean.darley/projects/dig-navigation-ui-search/test/node_modules/@wdio/utils/build/shim.js:270:24)
                    at SearchServiceHelper.callService (/Users/sean.darley/projects/dig-navigation-ui-search/test/node_modules/@sainsburys-tech/wdio-handler/dist/index.js:1:8476)
                    at SearchServiceHelper.getListerSizeVariantPartnumbersFromService (/Users/sean.darley/projects/dig-navigation-ui-search/test/helpers/SearchServiceHelper.js:100:18)
                    at fn (/Users/sean.darley/projects/dig-navigation-ui-search/test/support/step_definitions/variant_steps.js:24:71)
                    at FilterPanel.requiresClosedFilterSection (/Users/sean.darley/projects/dig-navigation-ui-search/test/support/pages/sections/FilterPanel.js:240:5)
                    at World.&lt;anonymous> (/Users/sean.darley/projects/dig-navigation-ui-search/test/support/step_definitions/variant_steps.js:20:15)</stack-trace>
            </failure>
            <description type='html'>&lt;p>&lt;a href="https://automate.browserstack.com/dashboard/v2/sessions/8286a6592b1665b922429b7389a1b548ddc4599a" target="_blank">Browserstack Console&lt;/a>&lt;/p></description>
        </test-case>
        <test-case start='1652719584883' status='broken' stop='1652719612662'>
            <name>Correct product card links for size searched variants medium suitcase</name>
            <title>Correct product card links for size searched variants medium suitcase</title>
            <labels>
                <label name='language' value='javascript'/>
                <label name='framework' value='wdio'/>
                <label name='thread' value='0-0'/>
            </labels>
            <parameters>
                <parameter kind='argument' name='browser' value='firefox-94.0'/>
                <parameter kind='argument' name='browser' value='Windows 10 Firefox 94.0'/>
                <parameter kind='argument' name='cucumber tags' value='@test'/>
                <parameter kind='environment-variable' name='service' value='browserstack'/>
                <parameter kind='environment-variable' name='UI domain' value='https://argos.co.uk'/>
            </parameters>
            <steps>
                <step start='1652719585060' status='passed' stop='1652719610434'>
                    <name>Given I search for a "medium suitcase"</name>
                    <title>Given I search for a "medium suitcase"</title>
                    <attachments/>
                    <steps/>
                </step>
                <step start='1652719610434' status='broken' stop='1652719612662'>
                    <name>Then I should see correct size variant product cards links</name>
                    <title>Then I should see correct size variant product cards links</title>
                    <attachments/>
                    <steps/>
                </step>
            </steps>
            <attachments/>
            <failure>
                <message>StatusCodeError: 403 - "&lt;HTML>&lt;HEAD>\n&lt;TITLE>Access Denied&lt;/TITLE>\n&lt;/HEAD>&lt;BODY>\n&lt;H1>Access Denied&lt;/H1>\n \nYou don't have permission to access \"http&amp;#58;&amp;#47;&amp;#47;argos&amp;#46;co&amp;#46;uk&amp;#47;finder&amp;#45;api&amp;#47;product&amp;#59;isSearch&amp;#61;true&amp;#59;&amp;#59;queryParams&amp;#61;&amp;#37;7B&amp;#37;22templateType&amp;#37;22&amp;#58;null&amp;#37;7D&amp;#59;searchTerm&amp;#61;medium&amp;#45;suitcase&amp;#59;searchType&amp;#61;null&amp;#63;\" on this server.&lt;P>\nReference&amp;#32;&amp;#35;18&amp;#46;b4ed655f&amp;#46;1652719612&amp;#46;22c12da4\n&lt;/BODY>\n&lt;/HTML>\n"</message>
                <stack-trace>StatusCodeError: 403 - "&lt;HTML>&lt;HEAD>\n&lt;TITLE>Access Denied&lt;/TITLE>\n&lt;/HEAD>&lt;BODY>\n&lt;H1>Access Denied&lt;/H1>\n \nYou don't have permission to access \"http&amp;#58;&amp;#47;&amp;#47;argos&amp;#46;co&amp;#46;uk&amp;#47;finder&amp;#45;api&amp;#47;product&amp;#59;isSearch&amp;#61;true&amp;#59;&amp;#59;queryParams&amp;#61;&amp;#37;7B&amp;#37;22templateType&amp;#37;22&amp;#58;null&amp;#37;7D&amp;#59;searchTerm&amp;#61;medium&amp;#45;suitcase&amp;#59;searchType&amp;#61;null&amp;#63;\" on this server.&lt;P>\nReference&amp;#32;&amp;#35;18&amp;#46;b4ed655f&amp;#46;1652719612&amp;#46;22c12da4\n&lt;/BODY>\n&lt;/HTML>\n"
                    at new StatusCodeError (/Users/sean.darley/projects/dig-navigation-ui-search/test/node_modules/request-promise-core/lib/errors.js:32:15)
                    at Request.plumbing.callback (/Users/sean.darley/projects/dig-navigation-ui-search/test/node_modules/request-promise-core/lib/plumbing.js:104:33)
                    at Request.RP$callback [as _callback] (/Users/sean.darley/projects/dig-navigation-ui-search/test/node_modules/request-promise-core/lib/plumbing.js:46:31)
                    at endReadableNT (_stream_readable.js:1184:12)
                    at processTicksAndRejections (internal/process/task_queues.js:80:21)
                    at Browser.&lt;anonymous> (/Users/sean.darley/projects/dig-navigation-ui-search/test/node_modules/@wdio/utils/build/shim.js:270:24)
                    at SearchServiceHelper.callService (/Users/sean.darley/projects/dig-navigation-ui-search/test/node_modules/@sainsburys-tech/wdio-handler/dist/index.js:1:8476)
                    at SearchServiceHelper.getListerSizeVariantPartnumbersFromService (/Users/sean.darley/projects/dig-navigation-ui-search/test/helpers/SearchServiceHelper.js:100:18)
                    at fn (/Users/sean.darley/projects/dig-navigation-ui-search/test/support/step_definitions/variant_steps.js:24:71)
                    at FilterPanel.requiresClosedFilterSection (/Users/sean.darley/projects/dig-navigation-ui-search/test/support/pages/sections/FilterPanel.js:240:5)
                    at World.&lt;anonymous> (/Users/sean.darley/projects/dig-navigation-ui-search/test/support/step_definitions/variant_steps.js:20:15)</stack-trace>
            </failure>
            <description type='html'>&lt;p>&lt;a href="https://automate.browserstack.com/dashboard/v2/sessions/8286a6592b1665b922429b7389a1b548ddc4599a" target="_blank">Browserstack Console&lt;/a>&lt;/p></description>
        </test-case>
        <test-case start='1652719612664' status='broken' stop='1652721563544'>
            <name>Correct product card links for size searched variants large suitcase</name>
            <title>Correct product card links for size searched variants large suitcase</title>
            <labels>
                <label name='language' value='javascript'/>
                <label name='framework' value='wdio'/>
                <label name='thread' value='0-0'/>
            </labels>
            <parameters>
                <parameter kind='argument' name='browser' value='firefox-94.0'/>
                <parameter kind='argument' name='browser' value='Windows 10 Firefox 94.0'/>
                <parameter kind='argument' name='cucumber tags' value='@test'/>
                <parameter kind='environment-variable' name='service' value='browserstack'/>
                <parameter kind='environment-variable' name='UI domain' value='https://argos.co.uk'/>
            </parameters>
            <steps>
                <step start='1652719612772' status='broken' stop='1652721563544'>
                    <name>Given I search for a "large suitcase"</name>
                    <title>Given I search for a "large suitcase"</title>
                    <attachments/>
                    <steps/>
                </step>
                <step start='1652721563544' status='canceled' stop='1652721563546'>
                    <name>Then I should see correct size variant product cards links</name>
                    <title>Then I should see correct size variant product cards links</title>
                    <attachments/>
                    <steps/>
                </step>
            </steps>
            <attachments/>
            <failure>
                <message>RequestError: read ECONNRESET</message>
                <stack-trace>RequestError: read ECONNRESET
                    at ClientRequest.&lt;anonymous> (/Users/sean.darley/projects/dig-navigation-ui-search/test/node_modules/got/dist/source/core/index.js:962:111)
                    at ClientRequest.origin.emit (/Users/sean.darley/projects/dig-navigation-ui-search/test/node_modules/@szmarczak/http-timer/dist/source/index.js:43:20)
                    at TLSSocket.socketErrorListener (_http_client.js:406:9)
                    at emitErrorNT (internal/streams/destroy.js:92:8)
                    at emitErrorAndCloseNT (internal/streams/destroy.js:60:3)
                    at processTicksAndRejections (internal/process/task_queues.js:80:21)
                    at TLSWrap.onStreamRead (internal/stream_base_commons.js:201:27)
                    at Element.&lt;anonymous> (/Users/sean.darley/projects/dig-navigation-ui-search/test/node_modules/@wdio/utils/build/shim.js:270:24)
                    at processTicksAndRejections (internal/process/task_queues.js:93:5)
                    at ArgosHeader.click (/Users/sean.darley/projects/dig-navigation-ui-search/test/node_modules/@sainsburys-tech/wdio-handler/dist/index.js:1:5263)
                    at ArgosHeader.click (/Users/sean.darley/projects/dig-navigation-ui-search/test/support/pages/Page.js:34:11)
                    at ArgosHeader.click (/Users/sean.darley/projects/dig-navigation-ui-search/test/support/pages/sections/ArgosHeader.js:29:15)
                    at Navigation.searchFor (/Users/sean.darley/projects/dig-navigation-ui-search/test/support/pages/Navigation.js:27:12)
                    at fn (/Users/sean.darley/projects/dig-navigation-ui-search/test/support/step_definitions/searchbar_steps.js:7:16)
                    at FilterPanel.requiresClosedFilterSection (/Users/sean.darley/projects/dig-navigation-ui-search/test/support/pages/sections/FilterPanel.js:240:5)
                    at World.&lt;anonymous> (/Users/sean.darley/projects/dig-navigation-ui-search/test/support/step_definitions/searchbar_steps.js:6:15)</stack-trace>
            </failure>
            <description type='html'>&lt;p>&lt;a href="https://automate.browserstack.com/dashboard/v2/sessions/8286a6592b1665b922429b7389a1b548ddc4599a" target="_blank">Browserstack Console&lt;/a>&lt;/p></description>
        </test-case>
    </test-cases>
</ns2:test-suite>